Cadence Genus(TM) Synthesis Solution.
Copyright 2020 Cadence Design Systems, Inc. All rights reserved worldwide.
Cadence and the Cadence logo are registered trademarks and Genus is a trademark
of Cadence Design Systems, Inc. in the United States and other countries.

Version: 19.14-s108_1, built Tue Jul 07 08:22:44 PDT 2020
Options: -files scripts/synthesis_dft.tcl 
Date:    Mon Jan 08 00:32:59 2024
Host:    fatima.novalocal (x86_64 w/Linux 3.10.0-1160.99.1.el7.x86_64) (1core*4cpus*4physical cpus*Intel(R) Xeon(R) CPU E5-2630 v3 @ 2.40GHz 16384KB) (16265948KB)
PID:     25297
OS:      CentOS Linux release 7.9.2009 (Core)

Checking out license: Genus_Synthesis

Loading tool scripts...

Finished loading tool scripts (18 seconds elapsed).

#@ Processing -files option
@genus 1> source scripts/synthesis_dft.tcl
#@ Begin verbose source scripts/synthesis_dft.tcl
@file(synthesis_dft.tcl) 4: set LIB_DIR "/opt/ic_tools/pdk/ams_c35_410/liberty/c35_3.3V"
@file(synthesis_dft.tcl) 5: set_db init_lib_search_path $LIB_DIR
  Setting attribute of root '/': 'init_lib_search_path' = /opt/ic_tools/pdk/ams_c35_410/liberty/c35_3.3V
@file(synthesis_dft.tcl) 6: set_db init_hdl_search_path {.}
  Setting attribute of root '/': 'init_hdl_search_path' = .
@file(synthesis_dft.tcl) 9: read_libs c35_CORELIB_TYP.lib

Threads Configured:3

  Message Summary for Library c35_CORELIB_TYP.lib:
  ************************************************
  Missing a function attribute in the output pin definition. [LBR-518]: 39
  An unsupported construct was detected in this library. [LBR-40]: 1
  ************************************************
 
Info    : Created nominal operating condition. [LBR-412]
        : Operating condition '_nominal_' was created for the PVT values (1.000000, 3.300000, 25.000000) in library 'c35_CORELIB_TYP.lib'.
        : The nominal operating condition is represented, either by the nominal PVT values specified in the library source (via nom_process,nom_voltage and nom_temperature respectively), or by the default PVT values (1.0,1.0,1.0).
Warning : Library cell has no output pins defined. [LBR-9]
        : Library cell 'FILLANT1' must have an output pin.
        : Add the missing output pin(s), then reload the library. Else the library cell will be marked as timing model i.e. unusable. Timing_model means that the cell does not have any defined function. If there is no output pin, Genus will mark library cell as unusable i.e. the attribute 'usable' will be marked to 'false' on the libcell. Therefore, the cell is not used for mapping and it will not be picked up from the library for synthesis. If you query the attribute 'unusable_reason' on the libcell; result will be: 'Library cell has no output pins.'Note: The message LBR-9 is only for the logical pins and not for the power_ground pins. Genus will depend upon the output function defined in the pin group (output pin) of the cell, to use it for mapping. The pg_pin will not have any function defined.
Warning : Library cell has no output pins defined. [LBR-9]
        : Library cell 'FILLANT1' must have an output pin.
Warning : Library cell has no output pins defined. [LBR-9]
        : Library cell 'FILLANT2' must have an output pin.
Warning : Library cell has no output pins defined. [LBR-9]
        : Library cell 'FILLANT2' must have an output pin.
Warning : Library cell has no output pins defined. [LBR-9]
        : Library cell 'FILLANT5' must have an output pin.
Warning : Library cell has no output pins defined. [LBR-9]
        : Library cell 'FILLANT5' must have an output pin.
Warning : Library cell has no output pins defined. [LBR-9]
        : Library cell 'FILLANT10' must have an output pin.
Warning : Library cell has no output pins defined. [LBR-9]
        : Library cell 'FILLANT10' must have an output pin.
Warning : Library cell has no output pins defined. [LBR-9]
        : Library cell 'FILLANT25' must have an output pin.
Warning : Library cell has no output pins defined. [LBR-9]
        : Library cell 'FILLANT25' must have an output pin.
@file(synthesis_dft.tcl) 12: read_hdl sources/circuito06.v
@file(synthesis_dft.tcl) 15: elaborate circuito06
Warning : Detected both combinational and sequential timing arcs in a library cell. This might prevent the tool from using this cell for technology mapping. The tool will treat it as unusable. [LBR-76]
        : The arc 'C_SE_Ha3' between pins 'C' and 'SE' in libcell 'DLSG1' is a sequential timing arc.
        : The library cell will be treated as a timing-model. Make sure that the timing arcs and output function are defined correctly. Even if the cell intends to have dual-functionality, it cannot be unmapped or automatically inferred.
  Library has 143 usable logic and 88 usable sequential lib-cells.
Info    : Elaborating Design. [ELAB-1]
        : Elaborating top-level block 'circuito06' from file 'sources/circuito06.v'.
Info    : Done Elaborating Design. [ELAB-3]
        : Done elaborating 'circuito06'.
Checking for analog nets...
Check completed for analog nets.
Checking for source RTL...
Check completed for source RTL.
UM:   timing.setup.tns  timing.setup.wns  snapshot
UM:*                                      elaborate
@file(synthesis_dft.tcl) 18: check_design


 No LEF file read in.

 	 Check Design Report (c)
	 ------------------- 
 Summary
 ------- 

              Name                       Total
----------------------------------------------
Unresolved References                        0
Empty Modules                                0
Unloaded Port(s)                             0
Unloaded Sequential Pin(s)                   0
Unloaded Combinational Pin(s)               26
Assigns                                      0
Undriven Port(s)                             0
Undriven Leaf Pin(s)                         0
Undriven hierarchical pin(s)                 0
Multidriven Port(s)                          0
Multidriven Leaf Pin(s)                      0
Multidriven hierarchical Pin(s)              0
Multidriven unloaded net(s)                  0
Constant Port(s)                             0
Constant Leaf Pin(s)                         0
Constant hierarchical Pin(s)                95
Preserved leaf instance(s)                   0
Preserved hierarchical instance(s)           0
Feedthrough Modules(s)                       0
Libcells with no LEF cell                    0
Physical (LEF) cells with no libcell         0
Subdesigns with long module name             0
Physical only instance(s)                    0
Logical only instance(s)                     0


  Done Checking the design.
@file(synthesis_dft.tcl) 21: create_clock -name clock -period 10000 [get_ports clock]
@file(synthesis_dft.tcl) 24: set_db dft_scan_style muxed_scan
  Setting attribute of root '/': 'dft_scan_style' = muxed_scan
@file(synthesis_dft.tcl) 27: define_dft shift_enable -active high -create_port scan_en
@file(synthesis_dft.tcl) 28: define_dft test_clock -name scan_clk clock
@file(synthesis_dft.tcl) 31: check_dft_rules > dft_rules_scan.report
  Checking DFT rules for 'circuito06' module under 'muxed_scan' style

Detected 0 DFT rule violation(s)
    ... see the log file for more details
  Number of user specified non-Scan registers:   0
      Number of registers that fail DFT rules:   0
      Number of registers that pass DFT rules:  26
  Percentage of total registers that are scannable: 100%
@file(synthesis_dft.tcl) 34: set_db syn_global_effort high
  Setting attribute of root '/': 'syn_global_effort' = high
@file(synthesis_dft.tcl) 35: syn_generic
## library domain: _default_ typical gate delay: 259.3 ps std_slew: 103.5 ps std_load: 18.9 fF
Info    : Deleting instances not driving any primary outputs. [GLO-34]
        : Deleting 14 hierarchical instances.
        : Optimizations such as constant propagation or redundancy removal could change the connections so a hierarchical instance does not drive any primary outputs anymore. To see the list of deleted hierarchical instances, set the 'information_level' attribute to 2 or above. If the message is truncated set the message attribute 'truncate' to false to see the complete list. To prevent this optimization, set the 'delete_unloaded_insts' root/subdesign attribute to 'false' or 'preserve' instance attribute to 'true'.
Info    : Synthesizing. [SYNTH-1]
        : Synthesizing 'circuito06' to generic gates using 'high' effort.
PBS_Generic-Start - Elapsed_Time 0, CPU_Time 0.0
stamp 'PBS_Generic-Start' being created for table 'pbs_debug'

  Total Time (Wall) |  Stage Time (Wall)  |   % (Wall)   |    Date - Time     |  Memory   | Stage
--------------------+---------------------+--------------+--------------------+-----------+----------------------
 00:00:12(00:00:13) |  00:00:00(00:00:00) |   0.0(  0.0) |    0:33:19 (Jan08) |  425.5 MB | PBS_Generic-Start
--------------------+---------------------+--------------+--------------------+-----------+----------------------
Number of threads: 8 * 1   (id: pbs_debug, time_info v1.57)
Info: (*N*) indicates data that was populated from previously saved time_info database
Info: CPU time includes time of parent + longest thread
TNS Restructuring config:  at stage: generic applied.
Info    : Partition Based Synthesis execution skipped. [PHYS-752]
        : Design size is less than the partition size '100000' for distributed generic optimization to kick in.
Processing pre-genopt PAS flow...
Starting mux data reorder optimization [v1.0] (stage: post_to_gen_setup, startdef: circuito06, recur: true)
Completed mux data reorder optimization (accepts: 0, rejects: 0, runtime: 0.001s)
Starting reconvergence optimization [v1.0] (stage: pre_rtlopt, startdef: circuito06, recur: true)
Completed reconvergence optimization (accepts: 0, rejects: 0, runtime: 0.001s)
Starting logic restructure optimization [v1.0] (stage: pre_rtlopt, startdef: circuito06, recur: true)
Completed logic restructure optimization (accepts: 0, rejects: 0, runtime: 0.001s)
Info    : Pre-processed datapath logic. [DPOPT-6]
        : Pre-processing optimizations applied to datapath logic in 'circuito06':
          sop(2) 
Info    : Skipping datapath optimization. [DPOPT-5]
        : There is no datapath logic in 'circuito06'.
Starting mux data reorder optimization [v1.0] (stage: post_rtlopt, startdef: circuito06, recur: true)
Completed mux data reorder optimization (accepts: 0, rejects: 0, runtime: 0.002s)
Starting mux speculation [v1.0] (stage: post_muxopt, startdef: circuito06, recur: true)
Starting speculation optimization
Completed speculation optimization (accepts:0)
Completed mux speculation (accepts: 0, rejects: 0, runtime: 0.008s)
==================================
Stage : to_generic 
==================================
  =================
   Message Summary
  =================
--------------------------------------------------------------------------------------------------------------------------------------------------
|    Id    |  Sev   |Count |                                                    Message Text                                                     |
--------------------------------------------------------------------------------------------------------------------------------------------------
| CDFG-769 |Info    |    2 |Identified sum-of-products logic to be optimized during syn_generic.                                                 |
| CWD-19   |Info    |   10 |An implementation was inferred.                                                                                      |
| DFT-100  |Info    |    3 |Added DFT object.                                                                                                    |
| DFT-130  |Info    |    1 |Created DFT port.                                                                                                    |
|          |        |      |A port for DFT purposes was created.                                                                                 |
| DPOPT-5  |Info    |    1 |Skipping datapath optimization.                                                                                      |
| DPOPT-6  |Info    |    1 |Pre-processed datapath logic.                                                                                        |
| ELAB-1   |Info    |    1 |Elaborating Design.                                                                                                  |
| ELAB-3   |Info    |    1 |Done Elaborating Design.                                                                                             |
| GLO-34   |Info    |    1 |Deleting instances not driving any primary outputs.                                                                  |
|          |        |      |Optimizations such as constant propagation or redundancy removal could change the connections so a hierarchical      |
|          |        |      | instance does not drive any primary outputs anymore. To see the list of deleted hierarchical instances, set the     |
|          |        |      | 'information_level' attribute to 2 or above. If the message is truncated set the message attribute 'truncate' to    |
|          |        |      | false to see the complete list. To prevent this optimization, set the 'delete_unloaded_insts' root/subdesign        |
|          |        |      | attribute to 'false' or 'preserve' instance attribute to 'true'.                                                    |
| LBR-9    |Warning |   10 |Library cell has no output pins defined.                                                                             |
|          |        |      |Add the missing output pin(s)                                                                                        |
|          |        |      | , then reload the library. Else the library cell will be marked as timing model i.e. unusable. Timing_model means   |
|          |        |      | that the cell does not have any defined function. If there is no output pin, Genus will mark library cell as        |
|          |        |      | unusable i.e. the attribute 'usable' will be marked to 'false' on the libcell. Therefore, the cell is not used for  |
|          |        |      | mapping and it will not be picked up from the library for synthesis. If you query the attribute 'unusable_reason'   |
|          |        |      | on the libcell; result will be: 'Library cell has no output pins.'Note: The message LBR-9 is only for the logical   |
|          |        |      | pins and not for the power_ground pins. Genus will depend upon the output function defined in the pin group         |
|          |        |      | (output pin) of the cell, to use it for mapping. The pg_pin will not have any function defined.                     |
| LBR-40   |Info    |    1 |An unsupported construct was detected in this library.                                                               |
|          |        |      |Check to see if this construct is really needed for synthesis. Many liberty constructs are not actually required.    |
| LBR-41   |Info    |    3 |An output library pin lacks a function attribute.                                                                    |
|          |        |      |If the remainder of this library cell's semantic checks are successful, it will be considered as a timing-model      |
|          |        |      | (because one of its outputs does not have a valid function.                                                         |
| LBR-76   |Warning |    1 |Detected both combinational and sequential timing arcs in a library cell. This might prevent the tool from using     |
|          |        |      | this cell for technology mapping. The tool will treat it as unusable.                                               |
|          |        |      |The library cell will be treated as a timing-model. Make sure that the timing arcs and output function are defined   |
|          |        |      | correctly. Even if the cell intends to have dual-functionality, it cannot be unmapped or automatically inferred.    |
| LBR-412  |Info    |    1 |Created nominal operating condition.                                                                                 |
|          |        |      |The nominal operating condition is represented, either by the nominal PVT values specified in the library source     |
|          |        |      | (via nom_process,nom_voltage and nom_temperature respectively), or by the default PVT values (1.0,1.0,1.0).         |
| LBR-518  |Info    |   39 |Missing a function attribute in the output pin definition.                                                           |
| PHYS-752 |Info    |    1 |Partition Based Synthesis execution skipped.                                                                         |
| SYNTH-1  |Info    |    1 |Synthesizing.                                                                                                        |
| TUI-31   |Warning |    1 |Obsolete command.                                                                                                    |
|          |        |      |This command is no longer supported.                                                                                 |
--------------------------------------------------------------------------------------------------------------------------------------------------
Processing post-genopt PAS flow...
Mapper: Libraries have:
	domain _default_: 143 combo usable cells and 88 sequential usable cells
Multi-threaded constant propagation [1|0] ...
new_area=14376209940  new_slack=9997307.00  new_is_better=0
Multi-threaded Virtual Mapping    (4 threads, 4 of 4 CPUs usable)
 
Global mapping target info
==========================
Cost Group 'clock' target slack: 7852508 ps
Target path end-point (Pin: coda2_reg[2]/d)


State Retention Synthesis Status
================================

Category                        Flops   Percentage
--------------------------------------------------
Total instances                    26        100.0
Excluded from State Retention      26        100.0
    - Will not convert             26        100.0
      - Preserved                   0          0.0
      - Power intent excluded      26        100.0
    - Could not convert             0          0.0
      - Scan type                   0          0.0
      - No suitable cell            0          0.0
State Retention instances           0          0.0
--------------------------------------------------

PBS_Generic_Opt-Post - Elapsed_Time 1, CPU_Time 1.853148000000001
stamp 'PBS_Generic_Opt-Post' being created for table 'pbs_debug'

  Total Time (Wall) |  Stage Time (Wall)  |   % (Wall)   |    Date - Time     |  Memory   | Stage
--------------------+---------------------+--------------+--------------------+-----------+----------------------
 00:00:12(00:00:13) |  00:00:00(00:00:00) |   0.0(  0.0) |    0:33:19 (Jan08) |  425.5 MB | PBS_Generic-Start
--------------------+---------------------+--------------+--------------------+-----------+----------------------
 00:00:13(00:00:15) |  00:00:01(00:00:02) | 100.0(100.0) |    0:33:20 (Jan08) |  425.5 MB | PBS_Generic_Opt-Post
--------------------+---------------------+--------------+--------------------+-----------+----------------------
Number of threads: 8 * 1   (id: pbs_debug, time_info v1.57)
Info: (*N*) indicates data that was populated from previously saved time_info database
Info: CPU time includes time of parent + longest thread
PBS_Generic-Postgen HBO Optimizations - Elapsed_Time 0, CPU_Time 0.0
stamp 'PBS_Generic-Postgen HBO Optimizations' being created for table 'pbs_debug'

  Total Time (Wall) |  Stage Time (Wall)  |   % (Wall)   |    Date - Time     |  Memory   | Stage
--------------------+---------------------+--------------+--------------------+-----------+----------------------
 00:00:12(00:00:13) |  00:00:00(00:00:00) |   0.0(  0.0) |    0:33:19 (Jan08) |  425.5 MB | PBS_Generic-Start
--------------------+---------------------+--------------+--------------------+-----------+----------------------
 00:00:13(00:00:15) |  00:00:01(00:00:02) | 100.0(100.0) |    0:33:20 (Jan08) |  425.5 MB | PBS_Generic_Opt-Post
--------------------+---------------------+--------------+--------------------+-----------+----------------------
 00:00:13(00:00:15) |  00:00:00(00:00:00) |   0.0(  0.0) |    0:33:20 (Jan08) |  425.5 MB | PBS_Generic-Postgen HBO Optimizations
--------------------+---------------------+--------------+--------------------+-----------+----------------------
Number of threads: 8 * 1   (id: pbs_debug, time_info v1.57)
Info: (*N*) indicates data that was populated from previously saved time_info database
Info: CPU time includes time of parent + longest thread
##>=================== Cadence Confidential (Generic-Logical) ===================
##>=================== Cadence Confidential (Generic-Logical) ===================
##>Main Thread Summary:
##>----------------------------------------------------------------------------------------
##>STEP                           Elapsed       WNS       TNS     Insts      Area    Memory
##>----------------------------------------------------------------------------------------
##>G:Initial                            1         -         -       195     38684       425
##>G:Setup                              0         -         -         -         -         -
##>G:Launch ST                          0         -         -         -         -         -
##>G:Design Partition                   0         -         -         -         -         -
##>G:Create Partition Netlists          0         -         -         -         -         -
##>G:Init Power                         0         -         -         -         -         -
##>G:Budgeting                          0         -         -         -         -         -
##>G:Derenv-DB                          0         -         -         -         -         -
##>G:Debug Outputs                      0         -         -         -         -         -
##>G:ST loading                         0         -         -         -         -         -
##>G:Distributed                        0         -         -         -         -         -
##>G:Timer                              0         -         -         -         -         -
##>G:Assembly                           0         -         -         -         -         -
##>G:DFT                                0         -         -         -         -         -
##>G:Const Prop                         0         -         -       160     20317       425
##>G:Misc                               1
##>----------------------------------------------------------------------------------------
##>Total Elapsed                        2
##>========================================================================================
Info    : Done synthesizing. [SYNTH-2]
        : Done synthesizing 'circuito06' to generic gates.
      timing.setup.tns  timing.setup.wns  snapshot
UM:*                                      syn_gen
@file(synthesis_dft.tcl) 36: syn_map
## library domain: _default_ typical gate delay: 259.3 ps std_slew: 103.5 ps std_load: 18.9 fF
Info    : Mapping. [SYNTH-4]
        : Mapping 'circuito06' using 'high' effort.
Mapper: Libraries have:
	domain _default_: 143 combo usable cells and 88 sequential usable cells
Configuring mapper costing (none)
TNS Restructuring config:  at stage: map applied.
PBS_TechMap-Start - Elapsed_Time 0, CPU_Time 0.0
stamp 'PBS_TechMap-Start' being created for table 'pbs_debug'

  Total Time (Wall) |  Stage Time (Wall)  |   % (Wall)   |    Date - Time     |  Memory   | Stage
--------------------+---------------------+--------------+--------------------+-----------+----------------------
 00:00:12(00:00:13) |  00:00:00(00:00:00) |   0.0(  0.0) |    0:33:19 (Jan08) |  425.5 MB | PBS_Generic-Start
--------------------+---------------------+--------------+--------------------+-----------+----------------------
 00:00:13(00:00:15) |  00:00:01(00:00:02) | 100.0(100.0) |    0:33:20 (Jan08) |  425.5 MB | PBS_Generic_Opt-Post
--------------------+---------------------+--------------+--------------------+-----------+----------------------
 00:00:13(00:00:15) |  00:00:00(00:00:00) |   0.0(  0.0) |    0:33:20 (Jan08) |  425.5 MB | PBS_Generic-Postgen HBO Optimizations
--------------------+---------------------+--------------+--------------------+-----------+----------------------
 00:00:13(00:00:15) |  00:00:00(00:00:00) |   0.0(  0.0) |    0:33:20 (Jan08) |  425.5 MB | PBS_TechMap-Start
--------------------+---------------------+--------------+--------------------+-----------+----------------------
Number of threads: 8 * 1   (id: pbs_debug, time_info v1.57)
Info: (*N*) indicates data that was populated from previously saved time_info database
Info: CPU time includes time of parent + longest thread
PBS_TechMap-Premap HBO Optimizations - Elapsed_Time 0, CPU_Time 0.0
stamp 'PBS_TechMap-Premap HBO Optimizations' being created for table 'pbs_debug'

  Total Time (Wall) |  Stage Time (Wall)  |   % (Wall)   |    Date - Time     |  Memory   | Stage
--------------------+---------------------+--------------+--------------------+-----------+----------------------
 00:00:12(00:00:13) |  00:00:00(00:00:00) |   0.0(  0.0) |    0:33:19 (Jan08) |  425.5 MB | PBS_Generic-Start
--------------------+---------------------+--------------+--------------------+-----------+----------------------
 00:00:13(00:00:15) |  00:00:01(00:00:02) | 100.0(100.0) |    0:33:20 (Jan08) |  425.5 MB | PBS_Generic_Opt-Post
--------------------+---------------------+--------------+--------------------+-----------+----------------------
 00:00:13(00:00:15) |  00:00:00(00:00:00) |   0.0(  0.0) |    0:33:20 (Jan08) |  425.5 MB | PBS_Generic-Postgen HBO Optimizations
--------------------+---------------------+--------------+--------------------+-----------+----------------------
 00:00:13(00:00:15) |  00:00:00(00:00:00) |   0.0(  0.0) |    0:33:20 (Jan08) |  425.5 MB | PBS_TechMap-Start
--------------------+---------------------+--------------+--------------------+-----------+----------------------
 00:00:13(00:00:15) |  00:00:00(00:00:00) |   0.0(  0.0) |    0:33:20 (Jan08) |  425.5 MB | PBS_TechMap-Premap HBO Optimizations
--------------------+---------------------+--------------+--------------------+-----------+----------------------
Number of threads: 8 * 1   (id: pbs_debug, time_info v1.57)
Info: (*N*) indicates data that was populated from previously saved time_info database
Info: CPU time includes time of parent + longest thread
Info    : Partition Based Synthesis execution skipped. [PHYS-752]
        : Design size is less than the partition size '100000' for distributed mapping optimization to kick in.
Mapper: Libraries have:
	domain _default_: 143 combo usable cells and 88 sequential usable cells
Multi-threaded Virtual Mapping    (4 threads, 4 of 4 CPUs usable)
 
Global mapping target info
==========================
Cost Group 'clock' target slack: 7852507 ps
Target path end-point (Pin: coda0_reg[1]/d)

Multi-threaded Virtual Mapping    (4 threads, 4 of 4 CPUs usable)
Multi-threaded Technology Mapping (4 threads, 4 of 4 CPUs usable)
 
Global mapping status
=====================
                                   Group   
                                  Tot Wrst 
                           Total  Weighted 
Operation                   Area   Slacks  
 global_map                17901        0 

    Cost Group            Target    Slack    Diff.  Constr.
-----------------------------------------------------------
         clock           7852507  9995692          10000000 

 
Global incremental target info
==============================
Cost Group 'clock' target slack: 7852512 ps
Target path end-point (Pin: coda2_reg[1]/D (DFS1/D))

==================================
Stage : global_incr_map 
==================================
  =================
   Message Summary
  =================
-----------------------------------------------------------------------
|    Id    |Sev  |Count |                Message Text                 |
-----------------------------------------------------------------------
| PHYS-752 |Info |    1 |Partition Based Synthesis execution skipped. |
| SYNTH-2  |Info |    1 |Done synthesizing.                           |
| SYNTH-4  |Info |    1 |Mapping.                                     |
-----------------------------------------------------------------------
 
Global incremental optimization status
======================================
                                   Group   
                                  Tot Wrst 
                           Total  Weighted 
Operation                   Area   Slacks  
 global_incr               17883        0 

    Cost Group            Target    Slack    Diff.  Constr.
-----------------------------------------------------------
         clock           7852512  9995225          10000000 

 
Scan synthesis status
=====================
                                   Group   
                                  Tot Wrst 
                           Total  Weighted 
Operation                   Area   Slacks  
 scan_map                  18117        0 

State Retention Synthesis Status
================================

Category                        Flops   Percentage
--------------------------------------------------
Total instances                    26        100.0
Excluded from State Retention      26        100.0
    - Will not convert             26        100.0
      - Preserved                   0          0.0
      - Power intent excluded      26        100.0
    - Could not convert             0          0.0
      - Scan type                   0          0.0
      - No suitable cell            0          0.0
State Retention instances           0          0.0
--------------------------------------------------

INFO: skipping constant propagation
PBS_Techmap-Global Mapping - Elapsed_Time 1, CPU_Time 1.5192739999999993
stamp 'PBS_Techmap-Global Mapping' being created for table 'pbs_debug'

  Total Time (Wall) |  Stage Time (Wall)  |   % (Wall)   |    Date - Time     |  Memory   | Stage
--------------------+---------------------+--------------+--------------------+-----------+----------------------
 00:00:12(00:00:13) |  00:00:00(00:00:00) |   0.0(  0.0) |    0:33:19 (Jan08) |  425.5 MB | PBS_Generic-Start
--------------------+---------------------+--------------+--------------------+-----------+----------------------
 00:00:13(00:00:15) |  00:00:01(00:00:02) |  55.0( 66.7) |    0:33:20 (Jan08) |  425.5 MB | PBS_Generic_Opt-Post
--------------------+---------------------+--------------+--------------------+-----------+----------------------
 00:00:13(00:00:15) |  00:00:00(00:00:00) |   0.0(  0.0) |    0:33:20 (Jan08) |  425.5 MB | PBS_Generic-Postgen HBO Optimizations
--------------------+---------------------+--------------+--------------------+-----------+----------------------
 00:00:13(00:00:15) |  00:00:00(00:00:00) |   0.0(  0.0) |    0:33:20 (Jan08) |  425.5 MB | PBS_TechMap-Start
--------------------+---------------------+--------------+--------------------+-----------+----------------------
 00:00:13(00:00:15) |  00:00:00(00:00:00) |   0.0(  0.0) |    0:33:20 (Jan08) |  425.5 MB | PBS_TechMap-Premap HBO Optimizations
--------------------+---------------------+--------------+--------------------+-----------+----------------------
 00:00:15(00:00:16) |  00:00:01(00:00:01) |  45.0( 33.3) |    0:33:21 (Jan08) |  425.5 MB | PBS_Techmap-Global Mapping
--------------------+---------------------+--------------+--------------------+-----------+----------------------
Number of threads: 8 * 1   (id: pbs_debug, time_info v1.57)
Info: (*N*) indicates data that was populated from previously saved time_info database
Info: CPU time includes time of parent + longest thread
Info    : Forcing flat compare. [CFM-212]
        : No hierarchies found in design.
Info    : Wrote formal verification information. [CFM-5]
        : Wrote 'fv/circuito06/fv_map.fv.json' for netlist 'fv/circuito06/fv_map.v.gz'.
Info    : Wrote dofile. [CFM-1]
        : Dofile is 'fv/circuito06/rtl_to_fv_map.do'.
        : Alias mapping flow is enabled.
PBS_TechMap-Datapath Postmap Operations - Elapsed_Time 2, CPU_Time 1.0
stamp 'PBS_TechMap-Datapath Postmap Operations' being created for table 'pbs_debug'

  Total Time (Wall) |  Stage Time (Wall)  |   % (Wall)   |    Date - Time     |  Memory   | Stage
--------------------+---------------------+--------------+--------------------+-----------+----------------------
 00:00:12(00:00:13) |  00:00:00(00:00:00) |   0.0(  0.0) |    0:33:19 (Jan08) |  425.5 MB | PBS_Generic-Start
--------------------+---------------------+--------------+--------------------+-----------+----------------------
 00:00:13(00:00:15) |  00:00:01(00:00:02) |  42.4( 40.0) |    0:33:20 (Jan08) |  425.5 MB | PBS_Generic_Opt-Post
--------------------+---------------------+--------------+--------------------+-----------+----------------------
 00:00:13(00:00:15) |  00:00:00(00:00:00) |   0.0(  0.0) |    0:33:20 (Jan08) |  425.5 MB | PBS_Generic-Postgen HBO Optimizations
--------------------+---------------------+--------------+--------------------+-----------+----------------------
 00:00:13(00:00:15) |  00:00:00(00:00:00) |   0.0(  0.0) |    0:33:20 (Jan08) |  425.5 MB | PBS_TechMap-Start
--------------------+---------------------+--------------+--------------------+-----------+----------------------
 00:00:13(00:00:15) |  00:00:00(00:00:00) |   0.0(  0.0) |    0:33:20 (Jan08) |  425.5 MB | PBS_TechMap-Premap HBO Optimizations
--------------------+---------------------+--------------+--------------------+-----------+----------------------
 00:00:15(00:00:16) |  00:00:01(00:00:01) |  34.7( 20.0) |    0:33:21 (Jan08) |  425.5 MB | PBS_Techmap-Global Mapping
--------------------+---------------------+--------------+--------------------+-----------+----------------------
 00:00:16(00:00:18) |  00:00:01(00:00:02) |  22.9( 40.0) |    0:33:23 (Jan08) |  434.9 MB | PBS_TechMap-Datapath Postmap Operations
--------------------+---------------------+--------------+--------------------+-----------+----------------------
Number of threads: 8 * 1   (id: pbs_debug, time_info v1.57)
Info: (*N*) indicates data that was populated from previously saved time_info database
Info: CPU time includes time of parent + longest thread
PBS_TechMap-Postmap HBO Optimizations - Elapsed_Time 0, CPU_Time -0.0021009999999996865
stamp 'PBS_TechMap-Postmap HBO Optimizations' being created for table 'pbs_debug'

  Total Time (Wall) |  Stage Time (Wall)  |   % (Wall)   |    Date - Time     |  Memory   | Stage
--------------------+---------------------+--------------+--------------------+-----------+----------------------
 00:00:12(00:00:13) |  00:00:00(00:00:00) |   0.0(  0.0) |    0:33:19 (Jan08) |  425.5 MB | PBS_Generic-Start
--------------------+---------------------+--------------+--------------------+-----------+----------------------
 00:00:13(00:00:15) |  00:00:01(00:00:02) |  42.4( 40.0) |    0:33:20 (Jan08) |  425.5 MB | PBS_Generic_Opt-Post
--------------------+---------------------+--------------+--------------------+-----------+----------------------
 00:00:13(00:00:15) |  00:00:00(00:00:00) |   0.0(  0.0) |    0:33:20 (Jan08) |  425.5 MB | PBS_Generic-Postgen HBO Optimizations
--------------------+---------------------+--------------+--------------------+-----------+----------------------
 00:00:13(00:00:15) |  00:00:00(00:00:00) |   0.0(  0.0) |    0:33:20 (Jan08) |  425.5 MB | PBS_TechMap-Start
--------------------+---------------------+--------------+--------------------+-----------+----------------------
 00:00:13(00:00:15) |  00:00:00(00:00:00) |   0.0(  0.0) |    0:33:20 (Jan08) |  425.5 MB | PBS_TechMap-Premap HBO Optimizations
--------------------+---------------------+--------------+--------------------+-----------+----------------------
 00:00:15(00:00:16) |  00:00:01(00:00:01) |  34.8( 20.0) |    0:33:21 (Jan08) |  425.5 MB | PBS_Techmap-Global Mapping
--------------------+---------------------+--------------+--------------------+-----------+----------------------
 00:00:16(00:00:18) |  00:00:01(00:00:02) |  22.9( 40.0) |    0:33:23 (Jan08) |  434.9 MB | PBS_TechMap-Datapath Postmap Operations
--------------------+---------------------+--------------+--------------------+-----------+----------------------
 00:00:16(00:00:18) |  00:00:00(00:00:00) |  -0.0(  0.0) |    0:33:23 (Jan08) |  434.9 MB | PBS_TechMap-Postmap HBO Optimizations
--------------------+---------------------+--------------+--------------------+-----------+----------------------
Number of threads: 8 * 1   (id: pbs_debug, time_info v1.57)
Info: (*N*) indicates data that was populated from previously saved time_info database
Info: CPU time includes time of parent + longest thread
 Doing ConstProp on design:circuito06 ... 

PBS_TechMap-Postmap Clock Gating - Elapsed_Time 0, CPU_Time 0.0
stamp 'PBS_TechMap-Postmap Clock Gating' being created for table 'pbs_debug'

  Total Time (Wall) |  Stage Time (Wall)  |   % (Wall)   |    Date - Time     |  Memory   | Stage
--------------------+---------------------+--------------+--------------------+-----------+----------------------
 00:00:12(00:00:13) |  00:00:00(00:00:00) |   0.0(  0.0) |    0:33:19 (Jan08) |  425.5 MB | PBS_Generic-Start
--------------------+---------------------+--------------+--------------------+-----------+----------------------
 00:00:13(00:00:15) |  00:00:01(00:00:02) |  42.4( 40.0) |    0:33:20 (Jan08) |  425.5 MB | PBS_Generic_Opt-Post
--------------------+---------------------+--------------+--------------------+-----------+----------------------
 00:00:13(00:00:15) |  00:00:00(00:00:00) |   0.0(  0.0) |    0:33:20 (Jan08) |  425.5 MB | PBS_Generic-Postgen HBO Optimizations
--------------------+---------------------+--------------+--------------------+-----------+----------------------
 00:00:13(00:00:15) |  00:00:00(00:00:00) |   0.0(  0.0) |    0:33:20 (Jan08) |  425.5 MB | PBS_TechMap-Start
--------------------+---------------------+--------------+--------------------+-----------+----------------------
 00:00:13(00:00:15) |  00:00:00(00:00:00) |   0.0(  0.0) |    0:33:20 (Jan08) |  425.5 MB | PBS_TechMap-Premap HBO Optimizations
--------------------+---------------------+--------------+--------------------+-----------+----------------------
 00:00:15(00:00:16) |  00:00:01(00:00:01) |  34.8( 20.0) |    0:33:21 (Jan08) |  425.5 MB | PBS_Techmap-Global Mapping
--------------------+---------------------+--------------+--------------------+-----------+----------------------
 00:00:16(00:00:18) |  00:00:01(00:00:02) |  22.9( 40.0) |    0:33:23 (Jan08) |  434.9 MB | PBS_TechMap-Datapath Postmap Operations
--------------------+---------------------+--------------+--------------------+-----------+----------------------
 00:00:16(00:00:18) |  00:00:00(00:00:00) |  -0.0(  0.0) |    0:33:23 (Jan08) |  434.9 MB | PBS_TechMap-Postmap HBO Optimizations
--------------------+---------------------+--------------+--------------------+-----------+----------------------
 00:00:16(00:00:18) |  00:00:00(00:00:00) |   0.0(  0.0) |    0:33:23 (Jan08) |  434.9 MB | PBS_TechMap-Postmap Clock Gating
--------------------+---------------------+--------------+--------------------+-----------+----------------------
Number of threads: 8 * 1   (id: pbs_debug, time_info v1.57)
Info: (*N*) indicates data that was populated from previously saved time_info database
Info: CPU time includes time of parent + longest thread
-------------------------------------------------------------------------------
 hi_fo_buf                 18117        0         0         0        0

           Trick     Calls     Accepts   Attempts    Time(secs) 
-----------------------------------------------------------
       hi_fo_buf         0  (        0 /        0 )  0.00

 
Incremental optimization status
===============================
                                   Group   
                                  Tot Wrst     Total - - DRC Totals - -
                           Total  Weighted      Neg      Max       Max 
Operation                   Area   Slacks      Slack    Trans      Cap 
 init_delay                18117        0         0         0        0

           Trick     Calls     Accepts   Attempts    Time(secs) 
-----------------------------------------------------------
       crit_upsz         0  (        0 /        0 )  0.00
    plc_bal_star         0  (        0 /        0 )  0.00
     drc_buftimb         0  (        0 /        0 )  0.00
          plc_st         0  (        0 /        0 )  0.00
    plc_st_fence         0  (        0 /        0 )  0.00
        plc_star         0  (        0 /        0 )  0.00
      plc_laf_st         0  (        0 /        0 )  0.00
 plc_laf_st_fence         0  (        0 /        0 )  0.00
     drc_buftims         0  (        0 /        0 )  0.00
            fopt         0  (        0 /        0 )  0.00
   plc_laf_lo_st         0  (        0 /        0 )  0.00
       plc_lo_st         0  (        0 /        0 )  0.00
        mb_split         0  (        0 /        0 )  0.00

 
Local TNS optimization status
=============================
                                   Group   
                                  Tot Wrst     Total - - DRC Totals - -
                           Total  Weighted      Neg      Max       Max 
Operation                   Area   Slacks      Slack    Trans      Cap 
 init_tns                  18117        0         0         0        0

           Trick     Calls     Accepts   Attempts    Time(secs) 
-----------------------------------------------------------
    plc_bal_star         0  (        0 /        0 )  0.00
     drc_buftimb         0  (        0 /        0 )  0.00
     drc_buftims         0  (        0 /        0 )  0.00
       crit_upsz         0  (        0 /        0 )  0.00
   plc_laf_lo_st         0  (        0 /        0 )  0.00
       plc_lo_st         0  (        0 /        0 )  0.00
            fopt         0  (        0 /        0 )  0.00
       crit_dnsz         0  (        0 /        0 )  0.00
             dup         0  (        0 /        0 )  0.00
        setup_dn         0  (        0 /        0 )  0.00
        mb_split         0  (        0 /        0 )  0.00

PBS_TechMap-Postmap Cleanup - Elapsed_Time 0, CPU_Time -0.002549999999999386
stamp 'PBS_TechMap-Postmap Cleanup' being created for table 'pbs_debug'

  Total Time (Wall) |  Stage Time (Wall)  |   % (Wall)   |    Date - Time     |  Memory   | Stage
--------------------+---------------------+--------------+--------------------+-----------+----------------------
 00:00:12(00:00:13) |  00:00:00(00:00:00) |   0.0(  0.0) |    0:33:19 (Jan08) |  425.5 MB | PBS_Generic-Start
--------------------+---------------------+--------------+--------------------+-----------+----------------------
 00:00:13(00:00:15) |  00:00:01(00:00:02) |  42.4( 40.0) |    0:33:20 (Jan08) |  425.5 MB | PBS_Generic_Opt-Post
--------------------+---------------------+--------------+--------------------+-----------+----------------------
 00:00:13(00:00:15) |  00:00:00(00:00:00) |   0.0(  0.0) |    0:33:20 (Jan08) |  425.5 MB | PBS_Generic-Postgen HBO Optimizations
--------------------+---------------------+--------------+--------------------+-----------+----------------------
 00:00:13(00:00:15) |  00:00:00(00:00:00) |   0.0(  0.0) |    0:33:20 (Jan08) |  425.5 MB | PBS_TechMap-Start
--------------------+---------------------+--------------+--------------------+-----------+----------------------
 00:00:13(00:00:15) |  00:00:00(00:00:00) |   0.0(  0.0) |    0:33:20 (Jan08) |  425.5 MB | PBS_TechMap-Premap HBO Optimizations
--------------------+---------------------+--------------+--------------------+-----------+----------------------
 00:00:15(00:00:16) |  00:00:01(00:00:01) |  34.8( 20.0) |    0:33:21 (Jan08) |  425.5 MB | PBS_Techmap-Global Mapping
--------------------+---------------------+--------------+--------------------+-----------+----------------------
 00:00:16(00:00:18) |  00:00:01(00:00:02) |  22.9( 40.0) |    0:33:23 (Jan08) |  434.9 MB | PBS_TechMap-Datapath Postmap Operations
--------------------+---------------------+--------------+--------------------+-----------+----------------------
 00:00:16(00:00:18) |  00:00:00(00:00:00) |  -0.0(  0.0) |    0:33:23 (Jan08) |  434.9 MB | PBS_TechMap-Postmap HBO Optimizations
--------------------+---------------------+--------------+--------------------+-----------+----------------------
 00:00:16(00:00:18) |  00:00:00(00:00:00) |   0.0(  0.0) |    0:33:23 (Jan08) |  434.9 MB | PBS_TechMap-Postmap Clock Gating
--------------------+---------------------+--------------+--------------------+-----------+----------------------
 00:00:16(00:00:18) |  00:00:00(00:00:00) |  -0.1(  0.0) |    0:33:23 (Jan08) |  434.9 MB | PBS_TechMap-Postmap Cleanup
--------------------+---------------------+--------------+--------------------+-----------+----------------------
Number of threads: 8 * 1   (id: pbs_debug, time_info v1.57)
Info: (*N*) indicates data that was populated from previously saved time_info database
Info: CPU time includes time of parent + longest thread
PBS_Techmap-Post_MBCI - Elapsed_Time 0, CPU_Time 0.0
stamp 'PBS_Techmap-Post_MBCI' being created for table 'pbs_debug'

  Total Time (Wall) |  Stage Time (Wall)  |   % (Wall)   |    Date - Time     |  Memory   | Stage
--------------------+---------------------+--------------+--------------------+-----------+----------------------
 00:00:12(00:00:13) |  00:00:00(00:00:00) |   0.0(  0.0) |    0:33:19 (Jan08) |  425.5 MB | PBS_Generic-Start
--------------------+---------------------+--------------+--------------------+-----------+----------------------
 00:00:13(00:00:15) |  00:00:01(00:00:02) |  42.4( 40.0) |    0:33:20 (Jan08) |  425.5 MB | PBS_Generic_Opt-Post
--------------------+---------------------+--------------+--------------------+-----------+----------------------
 00:00:13(00:00:15) |  00:00:00(00:00:00) |   0.0(  0.0) |    0:33:20 (Jan08) |  425.5 MB | PBS_Generic-Postgen HBO Optimizations
--------------------+---------------------+--------------+--------------------+-----------+----------------------
 00:00:13(00:00:15) |  00:00:00(00:00:00) |   0.0(  0.0) |    0:33:20 (Jan08) |  425.5 MB | PBS_TechMap-Start
--------------------+---------------------+--------------+--------------------+-----------+----------------------
 00:00:13(00:00:15) |  00:00:00(00:00:00) |   0.0(  0.0) |    0:33:20 (Jan08) |  425.5 MB | PBS_TechMap-Premap HBO Optimizations
--------------------+---------------------+--------------+--------------------+-----------+----------------------
 00:00:15(00:00:16) |  00:00:01(00:00:01) |  34.8( 20.0) |    0:33:21 (Jan08) |  425.5 MB | PBS_Techmap-Global Mapping
--------------------+---------------------+--------------+--------------------+-----------+----------------------
 00:00:16(00:00:18) |  00:00:01(00:00:02) |  22.9( 40.0) |    0:33:23 (Jan08) |  434.9 MB | PBS_TechMap-Datapath Postmap Operations
--------------------+---------------------+--------------+--------------------+-----------+----------------------
 00:00:16(00:00:18) |  00:00:00(00:00:00) |  -0.0(  0.0) |    0:33:23 (Jan08) |  434.9 MB | PBS_TechMap-Postmap HBO Optimizations
--------------------+---------------------+--------------+--------------------+-----------+----------------------
 00:00:16(00:00:18) |  00:00:00(00:00:00) |   0.0(  0.0) |    0:33:23 (Jan08) |  434.9 MB | PBS_TechMap-Postmap Clock Gating
--------------------+---------------------+--------------+--------------------+-----------+----------------------
 00:00:16(00:00:18) |  00:00:00(00:00:00) |  -0.1(  0.0) |    0:33:23 (Jan08) |  434.9 MB | PBS_TechMap-Postmap Cleanup
--------------------+---------------------+--------------+--------------------+-----------+----------------------
 00:00:16(00:00:18) |  00:00:00(00:00:00) |   0.0(  0.0) |    0:33:23 (Jan08) |  434.9 MB | PBS_Techmap-Post_MBCI
--------------------+---------------------+--------------+--------------------+-----------+----------------------
Number of threads: 8 * 1   (id: pbs_debug, time_info v1.57)
Info: (*N*) indicates data that was populated from previously saved time_info database
Info: CPU time includes time of parent + longest thread
##>=================== Cadence Confidential (Mapping-Logical) ===================
##>Main Thread Summary:
##>----------------------------------------------------------------------------------------
##>STEP                           Elapsed       WNS       TNS     Insts      Area    Memory
##>----------------------------------------------------------------------------------------
##>M:Initial                            0         -         -       160     20317       425
##>M:Pre Cleanup                        0         -         -       160     20317       425
##>M:Setup                              0         -         -         -         -         -
##>M:Launch ST                          0         -         -         -         -         -
##>M:Design Partition                   0         -         -         -         -         -
##>M:Create Partition Netlists          0         -         -         -         -         -
##>M:Init Power                         0         -         -         -         -         -
##>M:Budgeting                          0         -         -         -         -         -
##>M:Derenv-DB                          0         -         -         -         -         -
##>M:Debug Outputs                      0         -         -         -         -         -
##>M:ST loading                         0         -         -         -         -         -
##>M:Distributed                        0         -         -         -         -         -
##>M:Timer                              0         -         -         -         -         -
##>M:Assembly                           0         -         -         -         -         -
##>M:DFT                                0         -         -         -         -         -
##>M:DP Operations                      2         -         -       119     15524       434
##>M:Const Prop                         0   9995225         0       119     15524       434
##>M:Cleanup                            0   9995225         0       119     15524       434
##>M:MBCI                               0         -         -       119     15524       434
##>M:Const Gate Removal                 0         -         -         -         -         -
##>M:Misc                               1
##>----------------------------------------------------------------------------------------
##>Total Elapsed                        3
##>========================================================================================
Info    : Done mapping. [SYNTH-5]
        : Done mapping 'circuito06'.
      timing.setup.tns  timing.setup.wns  snapshot
UM:*                                      syn_map
@file(synthesis_dft.tcl) 39: report dft_registers
Reporting registers that pass DFT rules
  coda0_reg[0] 	PASS; Test clock: clock/rise; Mapped for DFT; 
  coda0_reg[1] 	PASS; Test clock: clock/rise; Mapped for DFT; 
  coda0_reg[2] 	PASS; Test clock: clock/rise; Mapped for DFT; 
  coda1_reg[0] 	PASS; Test clock: clock/rise; Mapped for DFT; 
  coda1_reg[1] 	PASS; Test clock: clock/rise; Mapped for DFT; 
  coda1_reg[2] 	PASS; Test clock: clock/rise; Mapped for DFT; 
  coda2_reg[0] 	PASS; Test clock: clock/rise; Mapped for DFT; 
  coda2_reg[1] 	PASS; Test clock: clock/rise; Mapped for DFT; 
  coda2_reg[2] 	PASS; Test clock: clock/rise; Mapped for DFT; 
  coda3_reg[0] 	PASS; Test clock: clock/rise; Mapped for DFT; 
  coda3_reg[1] 	PASS; Test clock: clock/rise; Mapped for DFT; 
  coda3_reg[2] 	PASS; Test clock: clock/rise; Mapped for DFT; 
  fu1_reg 	PASS; Test clock: clock/rise; Mapped for DFT; 
  fu2_reg 	PASS; Test clock: clock/rise; Mapped for DFT; 
  fu3_reg 	PASS; Test clock: clock/rise; Mapped for DFT; 
  fu4_reg 	PASS; Test clock: clock/rise; Mapped for DFT; 
  grant_reg[0] 	PASS; Test clock: clock/rise; Mapped for DFT; 
  grant_reg[1] 	PASS; Test clock: clock/rise; Mapped for DFT; 
  grant_reg[2] 	PASS; Test clock: clock/rise; Mapped for DFT; 
  grant_reg[3] 	PASS; Test clock: clock/rise; Mapped for DFT; 
  ru1_reg 	PASS; Test clock: clock/rise; Mapped for DFT; 
  ru2_reg 	PASS; Test clock: clock/rise; Mapped for DFT; 
  ru3_reg 	PASS; Test clock: clock/rise; Mapped for DFT; 
  ru4_reg 	PASS; Test clock: clock/rise; Mapped for DFT; 
  stato_reg[0] 	PASS; Test clock: clock/rise; Mapped for DFT; 
  stato_reg[1] 	PASS; Test clock: clock/rise; Mapped for DFT; 
Reporting registers that fail DFT rules
Reporting registers that are preserved or marked dont-scan
Reporting registers that are marked Abstract Segment Dont Scan
Reporting registers that are part of shift register segments
Reporting registers that are identified as lockup elements
Reporting registers that are level-sensitive elements
Reporting misc. non-scan registers
Summary: 
Total registers that pass DFT rules: 26
Total registers that fail DFT rules: 0
Total registers that are marked preserved or dont-scan: 0
Total registers that are marked Abstract Segment dont-scan: 0
Total registers that are part of shift register segments: 0
Total registers that are lockup elements: 0
Total registers that are level-sensitive: 0
Total registers that are misc. non-scan: 0

@file(synthesis_dft.tcl) 42: define_dft scan_chain -name chain1 -create_ports -sdi scan_in -sdo scan_out
@file(synthesis_dft.tcl) 43: connect_scan_chains -auto_create_chains -preview
  Starting DFT Scan Configuration for module 'circuito06' in 'normal' mode, with physical flow OFF 
  Configuring 1 chains for 26 scan f/f 
  Configured 1 chains for Domain: 'scan_clk', edge: 'rising'
  	 chain1 (scan_in -> scan_out) has 26 registers; Domain:scan_clk, edge: rising
Processing 1 scan chains in 'muxed_scan' style.
Default shift enable signal is 'scan_en': 'port:circuito06/scan_en' active high.
@file(synthesis_dft.tcl) 44: connect_scan_chains -auto_create_chains
  Starting DFT Scan Configuration for module 'circuito06' in 'normal' mode, with physical flow OFF 
  Configuring 1 chains for 26 scan f/f 
  Configured 1 chains for Domain: 'scan_clk', edge: 'rising'
  	 chain1 (scan_in -> scan_out) has 26 registers; Domain:scan_clk, edge: rising
  Processing 1 scan chains in 'muxed_scan' style.
  Default shift enable signal is 'scan_en': 'port:circuito06/scan_en' active high.
Mapping DFT logic introduced by scan chain connection...

Mapping DFT logic done.
@file(synthesis_dft.tcl) 47: report qor
============================================================
  Generated by:           Genus(TM) Synthesis Solution 19.14-s108_1
  Generated on:           Jan 08 2024  12:33:23 am
  Module:                 circuito06
  Technology library:     c35_CORELIB_TYP 3.02
  Operating conditions:   _nominal_ (balanced_tree)
  Wireload mode:          enclosed
  Area mode:              timing library
============================================================

Timing
--------

Clock   Period   
-----------------
clock 10000000.0 


  Cost    Critical         Violating 
 Group   Path Slack  TNS     Paths   
-------------------------------------
clock     9995225.3   0.0          0 
default    No paths   0.0            
-------------------------------------
Total                 0.0          0 

Instance Count
--------------
Leaf Instance Count             119 
Physical Instance count           0 
Sequential Instance Count        26 
Combinational Instance Count     93 
Hierarchical Instance Count       0 

Area
----
Cell Area                          15524.600
Physical Cell Area                 0.000
Total Cell Area (Cell+Physical)    15524.600
Net Area                           2835.000
Total Area (Cell+Physical+Net)     18359.600

Max Fanout                         26 (clock)
Min Fanout                         1 (n_0)
Average Fanout                     2.2
Terms to net ratio                 3.1438
Terms to instance ratio            4.0420
Runtime                            16.366034 seconds
Elapsed Runtime                    28 seconds
Genus peak memory usage            1122.59 
Innovus peak memory usage          no_value 
Hostname                           fatima.novalocal
@file(synthesis_dft.tcl) 48: write_hdl -mapped > sources/circuito06_scan_syn.v 
@file(synthesis_dft.tcl) 49: write_sdc > circuito06_scan.sdc
Finished SDC export (command execution time mm:ss (real) = 00:00).
@file(synthesis_dft.tcl) 50: write_scandef > circuito06_scan_chain.txt
@file(synthesis_dft.tcl) 51: write_atpg -stil > circuito06_scan.stil
           Cadence Design Systems RC file: STIL output file created successfully.
@file(synthesis_dft.tcl) 52: report gates > circuito06_scan_gates.txt
@file(synthesis_dft.tcl) 53: report timing > circuito06_scan_timing.txt
Warning : Timing problems have been detected in this design. [TIM-11]
        : The design is 'circuito06'.
        : Use 'check_timing_intent' or 'report timing -lint' to report more information.
@file(synthesis_dft.tcl) 54: report power > circuito06_power.txt
Info    : Joules engine is used. [RPT-16]
        : Joules engine is being used for the command report_power.
Info   : ACTP-0001 [ACTPInfo] Activity propagation started for stim#0 netlist
       : circuito06
Info   : ACTP-0009 [ACTPInfo] Activity Propagation Progress Report :   0%   1%   2%   3%   4%   5%   6%   7%   8%   9%  10%  11%  12%  13%  14%  15%  16%  17%  18%  19%  20%  21%  22%  23%  24%  25%  26%  27%  28%  29%  30%  31%  32%  33%  34%  35%  36%  37%  38%  39%  40%  41%  42%  43%  44%  45%  46%  47%  48%  49%  50%  51%  52%  53%  54%  55%  56%  57%  58%  59%  60%  61%  62%  63%  64%  65%  66%  67%  68%  69%  70%  71%  72%  73%  74%  75%  76%  77%  78%  79%  80%  81%  82%  83%  84%  85%  86%  87%  88%  89%  90%  91%  92%  93%  94%  95%  96%  97%  98%  99% 100%
Info   : ACTP-0001 Activity propagation ended for stim#0
Info   : PWRA-0001 [PwrInfo] compute_power effective options 
       : -mode : vectorless
       : -skip_propagation : 1
       : -frequency_scaling_factor : 1.0
       : -use_clock_freq : stim
       : -compat : voltus
       : -stim :/stim#0
       : -fromGenus : 1
Info   : ACTP-0001 Timing initialization started
Info   : ACTP-0001 Timing initialization ended
Info   : PWRA-0002 [PwrInfo] Skipping activity propagation due to -skip_ap
       : option....
Warning: PWRA-0302 [PwrWarn] Frequency scaling is not applicable for vectorless
       : flow. Ignoring frequency scaling.
Info   : PWRA-0002 Voltus compat mode is set for power analysis.
Warning: PWRA-0304 [PwrWarn] -stim option is not applicable with vectorless mode
       : of power analysis, ignored this option.
Info   : PWRA-0002 Started 'vectorless' power computation.
Info   : PWRA-0009 [PwrInfo] Power Computation Progress Report :   0%   1%   2%   3%   4%   5%   6%   7%   8%   9%  10%  11%  12%  13%  14%  15%  16%  17%  18%  19%  20%  21%  22%  23%  24%  25%  26%  27%  28%  29%  30%  31%  32%  33%  34%  35%  36%  37%  38%  39%  40%  41%  42%  43%  44%  45%  46%  47%  48%  49%  50%  51%  52%  53%  54%  55%  56%  57%  58%  59%  60%  61%  62%  63%  64%  65%  66%  67%  68%  69%  70%  71%  72%  73%  74%  75%  76%  77%  78%  79%  80%  81%  82%  83%  84%  85%  86%  87%  88%  89%  90%  91%  92%  93%  94%  95%  96%  97%  98%  99% 100%
Info   : PWRA-0002 Finished power computation.
Info   : PWRA-0007 [PwrInfo] Completed successfully.
       : Info=9, Warn=2, Error=0, Fatal=0
Output file: circuito06_power.txt
@file(synthesis_dft.tcl) 56: exit
Normal exit.